<?xml version="1.0" encoding="UTF-8"?>
<testsuites name="TestSuite1" time="39.298" tests="1" failures="0" errors="0">
   <testsuite name="TestSuite1" tests="1" failures="0" errors="0" time="39.298" skipped="0" timestamp="2021-05-17 19:31:51" hostname="onion - DESKTOP-TJVM91P.mshome.net" id="Test Suites/TestSuite1">
      <properties>
         <property name="deviceName" value=""/>
         <property name="devicePlatform" value=""/>
         <property name="logFolder" value="C:\\Users\\onion\\git\\KatalonGitTestAndy\\Reports\\20210517_193126\\TestSuite1\\20210517_193130"/>
         <property name="logFiles" value="C:\\Users\\onion\\git\\KatalonGitTestAndy\\Reports\\20210517_193126\\TestSuite1\\20210517_193130\\execution0.log"/>
         <property name="attachments" value=""/>
         <property name="hostName" value="onion - DESKTOP-TJVM91P.mshome.net"/>
         <property name="os" value="Windows 10 64bit"/>
         <property name="katalonVersion" value="8.0.0.208"/>
         <property name="browser" value="Chrome 90.0.4430.212"/>
         <property name="hostAddress" value="172.28.48.1"/>
         <property name="sessionId" value="ad42e827e3f2d0a1e6ee11eb5b9a8984"/>
         <property name="seleniumVersion" value="3.141.59"/>
         <property name="proxyInformation" value="ProxyInformation { proxyOption=NO_PROXY, proxyServerType=HTTP, username=, password=********, proxyServerAddress=, proxyServerPort=0, executionList=&quot;&quot;, isApplyToDesiredCapabilities=true }"/>
         <property name="platform" value="Windows 10"/>
      </properties>
      <testcase name="Test Cases/Test 1 by Tom" time="38.265" classname="Test Cases/Test 1 by Tom" status="PASSED">
         <system-out><![CDATA[2021-05-17 19:31:52 - [TEST_CASE][PASSED] - Test Cases/Test 1 by Tom: Test Cases/Test 1 by Tom

2021-05-17 19:31:52 - [TEST_STEP][PASSED] - openBrowser(""): Browser is opened with url: ''

2021-05-17 19:31:53 - [MESSAGE][INFO] - Starting 'Chrome' driver

2021-05-17 19:31:53 - [MESSAGE][INFO] - Action delay is set to 0 milliseconds

2021-05-17 19:31:57 - [MESSAGE][PASSED] - Browser is opened with url: ''

2021-05-17 19:31:57 - [TEST_STEP][PASSED] - navigateToUrl("https://lifecharger.org/"): Navigate to 'https://lifecharger.org/' successfully

2021-05-17 19:32:30 - [MESSAGE][PASSED] - Navigate to 'https://lifecharger.org/' successfully

2021-05-17 19:32:30 - [TEST_STEP][PASSED] - closeBrowser(): Browser is closed

2021-05-17 19:32:31 - [MESSAGE][PASSED] - Browser is closed]]></system-out>
         <system-err><![CDATA[]]></system-err>
      </testcase>
      <system-out><![CDATA[2021-05-17 19:31:51 - [TEST_SUITE][PASSED] - TestSuite1: Test Cases/Test 1 by Tom]]></system-out>
      <system-err><![CDATA[]]></system-err>
   </testsuite>
</testsuites>
